<?xml version="1.0" encoding="UTF-8"?>
<!-- Generated by org.testng.reporters.JUnitXMLReporter -->
<testsuite ignored="0" hostname="Samruddhi" failures="1" tests="3" name="Test" time="15.627" errors="0" timestamp="2026-02-05T18:10:43 IST">
  <testcase classname="test.CartTest" name="cart" time="1.19">
    <failure type="java.lang.AssertionError" message="product is not found in cart expected [true] but found [false]">
      <![CDATA[java.lang.AssertionError: product is not found in cart expected [true] but found [false]
at test.CartTest.cart(CartTest.java:27)
at java.base/java.util.ArrayList.forEach(ArrayList.java:1511)
... Removed 30 stack frames]]>
    </failure>
  </testcase> <!-- cart -->
  <testcase classname="test.ProductTest" name="productAdded" time="2.658"/>
  <testcase classname="test.LoginTest" name="verifyVaildLogin" time="2.542"/>
</testsuite> <!-- Test -->
