<?xml version="1.0" encoding="UTF-8"?>
<testng-results ignored="0" total="1" passed="1" failed="0" skipped="0">
  <reporter-output>
  </reporter-output>
  <suite started-at="2026-02-11T16:40:22 IST" name="Default suite" finished-at="2026-02-11T16:40:29 IST" duration-ms="6703">
    <groups>
    </groups>
    <test started-at="2026-02-11T16:40:22 IST" name="Default test" finished-at="2026-02-11T16:40:29 IST" duration-ms="6703">
      <class name="test.ProductTest">
        <test-method is-config="true" signature="setUp()[pri:0, instance:test.ProductTest@30c15d8b]" started-at="2026-02-11T16:40:22 IST" name="setUp" finished-at="2026-02-11T16:40:26 IST" duration-ms="3850" status="PASS">
          <reporter-output>
          </reporter-output>
        </test-method> <!-- setUp -->
        <test-method signature="productAdded()[pri:0, instance:test.ProductTest@30c15d8b]" started-at="2026-02-11T16:40:26 IST" name="productAdded" finished-at="2026-02-11T16:40:29 IST" duration-ms="2581" status="PASS">
          <reporter-output>
          </reporter-output>
        </test-method> <!-- productAdded -->
        <test-method is-config="true" signature="tearDown()[pri:0, instance:test.ProductTest@30c15d8b]" started-at="2026-02-11T16:40:29 IST" name="tearDown" finished-at="2026-02-11T16:40:29 IST" duration-ms="217" status="PASS">
          <reporter-output>
          </reporter-output>
        </test-method> <!-- tearDown -->
      </class> <!-- test.ProductTest -->
    </test> <!-- Default test -->
  </suite> <!-- Default suite -->
</testng-results>
