<?xml version="1.0" encoding="UTF-8"?>
<testng-results ignored="0" total="1" passed="1" failed="0" skipped="0">
  <reporter-output>
  </reporter-output>
  <suite started-at="2026-02-07T15:58:09 IST" name="Default suite" finished-at="2026-02-07T15:58:16 IST" duration-ms="7197">
    <groups>
    </groups>
    <test started-at="2026-02-07T15:58:09 IST" name="Default test" finished-at="2026-02-07T15:58:16 IST" duration-ms="7197">
      <class name="test.FlipkartTest">
        <test-method is-config="true" signature="setUp()[pri:0, instance:test.FlipkartTest@2d3379b4]" started-at="2026-02-07T15:58:09 IST" name="setUp" finished-at="2026-02-07T15:58:13 IST" duration-ms="4339" status="PASS">
          <reporter-output>
          </reporter-output>
        </test-method> <!-- setUp -->
        <test-method signature="test()[pri:0, instance:test.FlipkartTest@2d3379b4]" started-at="2026-02-07T15:58:13 IST" name="test" finished-at="2026-02-07T15:58:16 IST" duration-ms="2521" status="PASS">
          <reporter-output>
          </reporter-output>
        </test-method> <!-- test -->
        <test-method is-config="true" signature="tearDown()[pri:0, instance:test.FlipkartTest@2d3379b4]" started-at="2026-02-07T15:58:16 IST" name="tearDown" finished-at="2026-02-07T15:58:16 IST" duration-ms="285" status="PASS">
          <reporter-output>
          </reporter-output>
        </test-method> <!-- tearDown -->
      </class> <!-- test.FlipkartTest -->
    </test> <!-- Default test -->
  </suite> <!-- Default suite -->
</testng-results>
